<?xml version="1.0" encoding="utf-8"?><testsuites><testsuite errors="0" failures="1" hostname="LAPTOP-ECGH8FIR" name="pytest" skipped="0" tests="5" time="2.068" timestamp="2020-05-02T18:27:18.241822"><testcase classname="test_submit" file="test_submit.py" line="3" name="test_q1" time="0.003"></testcase><testcase classname="test_submit" file="test_submit.py" line="9" name="test_q2" time="0.001"></testcase><testcase classname="test_submit" file="test_submit.py" line="15" name="test_q3" time="0.003"></testcase><testcase classname="test_submit" file="test_submit.py" line="21" name="test_q4" time="0.002"><failure message="assert (0, 0, 0) == (0.806, 0.911, 0.959)
  At index 0 diff: 0 != 0.806
  Full diff:
  - (0, 0, 0)
  + (0.806, 0.911, 0.959)">E   assert (0, 0, 0) == (0.806, 0.911, 0.959)
      At index 0 diff: 0 != 0.806
      Full diff:
      - (0, 0, 0)
      + (0.806, 0.911, 0.959)</failure></testcase><testcase classname="test_submit" file="test_submit.py" line="27" name="test_q5" time="0.027"></testcase></testsuite></testsuites>